0 info it worked if it ends with ok
1 verbose cli [ 'C:\\nodejs\\node.exe',
1 verbose cli   'C:\\nodejs\\node_modules\\npm\\bin\\npm-cli.js',
1 verbose cli   'run',
1 verbose cli   'start' ]
2 info using npm@3.10.10
3 info using node@v6.11.1
4 verbose run-script [ 'prestart', 'start', 'poststart' ]
5 info lifecycle issuetracker@1.0.0~prestart: issuetracker@1.0.0
6 silly lifecycle issuetracker@1.0.0~prestart: no script for prestart, continuing
7 info lifecycle issuetracker@1.0.0~start: issuetracker@1.0.0
8 verbose lifecycle issuetracker@1.0.0~start: unsafe-perm in lifecycle true
9 verbose lifecycle issuetracker@1.0.0~start: PATH: C:\nodejs\node_modules\npm\bin\node-gyp-bin;D:\code\node\issuetracker\node_modules\.bin;C:\Program Files (x86)\CambridgeSoft\ChemOffice2015\ChemScript\Lib;D:\oracle\aiasi\product\11.2.0\dbhome_1\bin;C:\ProgramData\Oracle\Java\javapath;C:\WINDOWS\system32;C:\WINDOWS;C:\WINDOWS\System32\Wbem;C:\WINDOWS\System32\WindowsPowerShell\v1.0\; d:\Apache\apache-maven-3.3.3\\bin;C:\Program Files (x86)\MySQL\MySQL Fabric 1.5 & MySQL Utilities 1.5\;C:\Program Files (x86)\MySQL\MySQL Fabric 1.5 & MySQL Utilities 1.5\Doctrine extensions for PHP\; D:\Ant\apache-ant-1.9.6\bin;D:\TortoiseSVN\bin;C:\Program Files\Git\cmd;C:\Program Files\OpenSSH\bin;C:\Program Files (x86)\Skype\Phone\;C:\Program Files (x86)\Brackets\command;C:\nodejs\;C:\Program Files (x86)\Mozilla Firefox;D:\Anaconda3;D:\Anaconda3\Scripts;D:\Anaconda3\Library\bin;C:\Users\aiasi\AppData\Local\Programs\Python\Python35-32\Scripts\;C:\Users\aiasi\AppData\Local\Programs\Python\Python35-32\;c:/users/aiasi/node_modules/.bin/;C:\Users\aiasi\AppData\Local\Microsoft\WindowsApps;d:\Ant\apache-ant-1.9.6\bin\;C:\Users\aiasi\AppData\Roaming\npm
10 verbose lifecycle issuetracker@1.0.0~start: CWD: D:\code\node\issuetracker
11 silly lifecycle issuetracker@1.0.0~start: Args: [ '/d /s /c', 'nodemon server.js' ]
12 silly lifecycle issuetracker@1.0.0~start: Returned: code: 1  signal: null
13 info lifecycle issuetracker@1.0.0~start: Failed to exec start script
14 verbose stack Error: issuetracker@1.0.0 start: `nodemon server.js`
14 verbose stack Exit status 1
14 verbose stack     at EventEmitter.<anonymous> (C:\nodejs\node_modules\npm\lib\utils\lifecycle.js:255:16)
14 verbose stack     at emitTwo (events.js:106:13)
14 verbose stack     at EventEmitter.emit (events.js:191:7)
14 verbose stack     at ChildProcess.<anonymous> (C:\nodejs\node_modules\npm\lib\utils\spawn.js:40:14)
14 verbose stack     at emitTwo (events.js:106:13)
14 verbose stack     at ChildProcess.emit (events.js:191:7)
14 verbose stack     at maybeClose (internal/child_process.js:891:16)
14 verbose stack     at Process.ChildProcess._handle.onexit (internal/child_process.js:226:5)
15 verbose pkgid issuetracker@1.0.0
16 verbose cwd D:\code\node\issuetracker
17 error Windows_NT 10.0.15063
18 error argv "C:\\nodejs\\node.exe" "C:\\nodejs\\node_modules\\npm\\bin\\npm-cli.js" "run" "start"
19 error node v6.11.1
20 error npm  v3.10.10
21 error code ELIFECYCLE
22 error issuetracker@1.0.0 start: `nodemon server.js`
22 error Exit status 1
23 error Failed at the issuetracker@1.0.0 start script 'nodemon server.js'.
23 error Make sure you have the latest version of node.js and npm installed.
23 error If you do, this is most likely a problem with the issuetracker package,
23 error not with npm itself.
23 error Tell the author that this fails on your system:
23 error     nodemon server.js
23 error You can get information on how to open an issue for this project with:
23 error     npm bugs issuetracker
23 error Or if that isn't available, you can get their info via:
23 error     npm owner ls issuetracker
23 error There is likely additional logging output above.
24 verbose exit [ 1, true ]
